[    00000] itializi cro ssys cpuset
[    00000 Inialzing cousubsys cpu
[    0.000000] Initialiin cgroupsuys cpuacct
    0000] Liuxerion 4.4.0-57-generic (buildd@lgw-5 (gcc rsn 5..0010609Ubtu 5.4.0-6ubuntu1~16.04.4)) #7Ubntu SMP Fi c  23:50:32 TC 2016 (Untu 4.57.78-generic 4.35
[    0.00] Commandlie: BOOT_AGE=boot/mliuz4.4.0-57-enic rt=BEL=cloudi-rootfs ro console=tty1 coolttyS
[   0000000] KERNEL supportd cpus
   0.000000]   InteGeineIel
[  0.0000]   AMD AuthentiAM
[    0.000   Cta Cenuruls
    0.000000] x86/fpu: xstate_offset[2]:  576, xstate_sizes[2]:  256
[    0.000000] x86/fpu: Supporting XSAVE feature 0x01: 'x87 floating point registers'
[    0.000000] x86/fpu: Supporting XSAVE feature 0x02: 'SSE registers'
[    0.000000] x86/fpu: Supporting XSAVE feature 0x04: 'AVX registers'
[    0.000000] x86/fpu: Enabled xstate features 0x7, context size is 832bys, usi 'tandar' rmt.
[   000000] 86pu: in'laz F contex stches.
[   0.0000] 20 BIO-pvied pysalRAM p:
[    .0000] BIOS-20: [mm 0000000000000000-0x000000009fbff] usable    0.0000 BOS-e80:me 0x00000009fc0-000000009ffffrerved
   0.00000] BI-e20: [me 00000000f00-000000000ffff] reseed
[  000000]BI-e82 [m 0x00000000-0x00003ffefff]usle
[   000000 BS-820: [emx00000003f000-0x000003ffffff]CP dat
  0.0000 BOS-e820: [em0x000000ffc0000-x000000ffffff resered
[    00000]X xecue Disable) pteion:cte
[   .00000]SMIO 2 psent
  0.000000] yprvisr teted: KVM
[   .00000] 20: lt_fn= 0x3fff0 max_arc_pn 0x4000000
[  .00000 MR: Dsale
[  .000000] x86/P: MTRRs disabled, skipping PAT initialization too.
[    0.000000] x86/PAT: Configuration [0-7]: WB  WT  UC- UC  WB  WT  UC- UC  
[    0.000000] CPU MTRRs all blank - virtualized system.
[    0.000000] found SMP MP-table at [mem 0x0009fff0-0x0009ffff] mapped at [ffff88000009fff0]
[    0.000000] Scanning 1 areas for low memory corruption
[    0.000000] RAMDISK: [mem 0x36b5a000-0x375a4fff]
[    0.000000] ACPI: Early table checksum verification disabled
[    0.000000] ACPI: RSDP 0x00000000000E0000 000024 (v02 VBOX  )
[    0.000000] ACPI: XSDT 0x000000003FFF0030 00003C (v01 VBOX   VBOXXSDT 00000001 ASL  00000061)
[    .0000] ACPI: FACP 0x000000003FFF00F0 0000F4 (v04 VBOX   VBOXFACP 00000001 ASL  00000061)
[    0.000000] ACPI: DSDT 0x000000003FFF0470 001E0B (v01 VBOX   VBOXBIOS 00000002 INTL 20100528)
[    0.00000] ACPI: FACS 0x000000003FFF0200 000040
[    0.000000] ACPI: FACS 0x000000003FFF0200 000040
[    0.000000] ACPI: APIC 0x000000003FFF0240 00005C (v02 VBOX   VBOXAPIC 00000001 ASL  00000061)
[    0.000000] ACPI: SSDT 0x000000003FFF02A0 0001CC (v01 VBOX   VBOXCPUT 00000002 INTL 20100528)
[    0.000000] No NUMA configuration found
[    0.000000] Faking a node at [mem 0x0000000000000000-0x000000003ffeffff]
[    0.000000] NODE_DATA(0) allocated [mem 0x3ffeb000-0x3ffeffff]
[    0.000000] kvm-clock: Using msrs 4b564d01 and 4b564d00
[    0.000000] kvm-clock: cpu 0, msr 0:3ffe3001, primary cpu clock
[    0.000000] kvm-clock: using sched offset of 3572777725 cycles
[    0.000000] clocksource: kvm-clock: mask: 0xffffffffffffffff max_cycles: 0x1cd42e4dffb, max_idle_ns: 881590591483 ns
[    0.000000] Zone ranges:
[    0.000000]   DMA      [mem 0x0000000000001000-0x0000000000ffffff][    0.00000]   DMA32    [mem 0x0000000001000000-0x000000003ffeffff]
[    0.000000]   Normal  empty
[    0.000000]   Device   empty
[    0.000000] Movable zone start for each node
[    0.000000] Early memory node ranges
[    0.000000]   node   0: [mem 0x0000000000001000-0x000000000009efff]
   0000000]   node   0: [mem 0x0000000000100000-0x000000003ffeffff]
[    0.000000] Initmem setup node 0 [mem 0x0000000000001000-0x000000003ffeffff]
[    0.000000] ACPI: PM-Timer IO Port: 0x4008
[    0.000000] IOAPIC[0]: apic_id 2, version 17, address 0xfec00000, GSI 0-23
[    0.000000] ACPI: INT_SRC_OVR (bus 0 bus_irq 0 global_irq 2 d dfl)
[    0.000000] ACPI: INT_SRC_OVR (bus 0 bus_irq 9 global_irq 9 high level)
[    0.000000] Using ACPI (MADT) for SMP configuration informatio
[    0.000000] smpboot: Allowing 2 CPUs, 0 hotplug CPUs
[    0.000000] PM: Registered nosave memory:[mm 0x00000000-0x00000fff]
[    0.000000] PM: Registered nosave memory: [mem 0x0009f000-0x0009ffff]
[    0.000000] PM: Registered nosave memory: [mem 0x000a0000-0x000effff]
[    0.000000] PM: Registered nosae memory: [mem 0x000f0000-0x000fffff]
[    0.000000] e820: [mem 0x40000000-0xfffbffff] available for PCI devices
[    0.000000] Booting paravirtualized kernel on KVM
[    0.000000] clocksource: refined-jiffies: mask: 0xffffffff max_cycles: 0xffffffff, max_idle_ns: 7645519600211568 ns
[    0.000000] setup_percpu: NR_CPUS:512 nr_cpumask_bits:512 nr_cpu_ids:2 nr_node_ids:1
[    0.000000] PERCPU: Embedded 33 pages/cpu @ffff88003fc00000 s98264 r8192 d28712 u1048576
[    0.000000] PV qspinlock hash table entries: 256 (order: 0, 4096 bytes)
[    0.000000] Built 1 zonelists in Node order, mobility grouping on.  Total pages: 257913
[    0.000000] Policy zone: DMA32
[    0.000000] Kernel command line: BOOT_IMAGE=/boot/vmlinuz-4.4.0-57-generic root=LABEL=cloudimg-rootfs ro console=tty1 console=ttyS0
[    0.000000] PID hash table entries: 4096 (order: 3, 32768 bytes)
[    0.000000] Memory: 1002044K/1048120K available (8432K kernel code, 1291K rwdata, 3960K rodata, 1484K ini, 1316K bss, 46076K eserved, 0K cma-reserved)
[    0000000] SLUB: HWalign=64, Order=0-3, MinObjects=0, CPUs=2, Nodes=1
[    0.000000] Hierarchical RCU implementation.
[    0.000000] 	Build-time adjustment of leaf fanout to 64.
[    0.000000] 	RCU restricting CPUs from NR_CPUS=512 to nr_cpu_ids=2.
[    0.000000] RCU: Adjusting geometry for rcu_fanout_leaf=64, nr_cpu_ids=2
[    0.00000] NR_IRQS3324 r_qs440 6[    0.0000 Conse:olour GA80x25[   0000] conol[ty1 ebld
[  000000coso [yS0] enaled
[    0.000000] tsc: Detected 2693.764 MHz processor
[    8.529876] Calibrating delay loop (skipped) preset value.. 5387.52 BogoMIPS (lpj=10775056)
[    8.744926] pid_max: default: 32768 minimum: 301
[    8.833446] ACPI: Core revision 20150930
[    8.926735] ACPI: 2 ACPI AML tables successfully acquired and loaded
[    9.045875] Security Framework initialized
[    9.126783] Yama: becoming mindful.
[    9.199308] AppArmor: AppArmor initialized
[    9.289750] Dentry cache hash table entries: 131072 (order: 8, 1048576 bytes)
[    9.450013] Inode-cache hash table entries: 65536 (order: 7, 524288 bytes)
[    9.636438] Mount-cache hash table entries: 2048 (order: 2, 16384 bytes)
[    9.787320] Mountpoint-cache hash table entries: 2048 (order: 2, 16384 bytes)
[    9.922131] Initializing cgroup subsys io
[   10.028775] Initializing cgroup subsys memory
[   10.138342] Initializing cgroup subsys devices
[   10.232568] Initializing cgroup subsys freezer
[   10.339384] Initializing cgroup subsys net_cls
[   10.425260] Initializing cgroup subsys perf_event
[   10.540140] Initializing cgroup subsys net_prio
[   10.645503] Initializing cgroup subsys hugetlb
[   10.760717] Initializing cgroup subsys pids
[   10.858289] CPU: Physical Processor ID: 0
[   10.928759] CPU: Processor Core ID: 0
[   10.993690] mce: CPU supports 0 MCE banks
[   11.104616] Last level iTLB entries: 4KB 1024, 2MB 1024, 4MB 1024
[   11.257218] Last level dTLB entries: 4KB 1024, 2MB 1024, 4MB 1024, 1GB 4
[   11.383193] Freeing SMP alternatives memory: 32K (ffffffff820b7000 - ffffffff820bf000)
[   11.597418] ftrace: allocating 32063 entries in 126 pages
[   11.763522] smpboot: APIC(0) Converting physical 0 to logical package 0
[   11.888864] smpboot: Max logical packages: 1
[   11.980968] ..TIMER: vector=0x30 apic1=0 pin1=2 apic2=-1 pin2=-1
[   12.113655] smpboot: CPU0: Intel(R) Core(TM) i5-4570R CPU @ 2.70GHz (family: 0x6, model: 0x46, stepping: 0x1)
[   12.350661] Performance Events: unsupported p6 CPU model 70 no PMU driver, software events only.
[   12.550424] KVM setup paravirtual spinlock
[   12.648550] x86: Booting SMP configuration:
[   12.742383] .... node  #0, CPUs:      #1
[   12.819765] kvm-clock: cpu 1, msr 0:3ffe3041, secondary cpu clock
[   12.996380] mce: CPU supports 0 MCE banks
[   13.078611] x86: Booted up 1 node, 2 CPUs
[   13.151337] smpboot: Total of 2 processors activated (10775.05 BogoMIPS)
[   13.283308] devtmpfs: initialized
[   13.337224] evm: security.selinux
[   13.411486] evm: security.SMACK64
[   13.481947] evm: security.SMACK64EXEC
[   13.557872] evm: security.SMACK64TRANSMUTE
[   13.623220] evm: security.SMACK64MMAP
[   13.708375] evm: security.ima
[   13.764329] evm: security.capability
[   13.830210] clocksource: jiffies: mask: 0xffffffff max_cycles: 0xffffffff, max_idle_ns: 7645041785100000 ns
[   14.052472] pinctrl core: initialized pinctrl subsystem
[   14.132404] RTC time:  8:00:12, date: 01/11/17
[   14.134897] NET: Registered protocol family 16
[   14.183217] cpuidle: using governor ladder
[   14.283548] cpuidle: using governor menu
[   14.359531] PCCT header not found.
[   14.405280] ACPI: bus type PCI registered
[   14.490497] acpiphp: ACPI Hot Plug PCI Controller Driver version: 0.5
[   14.604916] PCI: Using configuration type 1 for base access
[   14.712291] ACPI: Added _OSI(Module Device)
[   14.805844] ACPI: Added _OSI(Processor Device)
[   14.909864] ACPI: Added _OSI(3.0 _SCP Extensions)
[   15.009109] ACPI: Added _OSI(Processor Aggregator Device)
[   15.124761] ACPI: Executed 1 blocks of module-level executable AML code
[   15.229756] ACPI: Interpreter enabled
[   15.267667] ACPI: (supports S0 S5)
[   15.342381] ACPI: Using IOAPIC for interrupt routing
[   15.458045] PCI: Using host bridge windows from ACPI; if necessary, use "pci=nocrs" and report a bug
[   15.664080] ACPI: PCI Root Bridge [PCI0] (domain 0000 [bus 00-ff])
[   15.793690] acpi PNP0A03:00: _OSC: OS supports [ASPM ClockPM Segments MSI]
[   15.939511] acpi PNP0A03:00: _OSC failed (AE_NOT_FOUND); disabling ASPM
[   16.070655] acpi PNP0A03:00: fail to add MMCONFIG information, can't access extended PCI configuration space under this bridge.
[   16.290219] PCI host bridge to bus 0000:00
[   16.333812] pci_bus 0000:00: root bus resource [io  0x0000-0x0cf7 window]
[   16.508879] pci_bus 0000:00: root bus resource [io  0x0d00-0xffff window]
[   16.669661] pci_bus 0000:00: root bus resource [mem 0x000a0000-0x000bffff window]
[   16.820407] pci_bus 0000:00: root bus resource [mem 0x40000000-0xffdfffff window]
[   16.993359] pci_bus 0000:00: root bus resource [bus 00-ff]
[   17.120872] pci 0000:00:01.1: legacy IDE quirk: reg 0x10: [io  0x01f0-0x01f7]
[   17.290390] pci 0000:00:01.1: legacy IDE quirk: reg 0x14: [io  0x03f6]
[   17.391634] pci 0000:00:01.1: legacy IDE quirk: reg 0x18: [io  0x0170-0x0177]
[   17.510709] pci 0000:00:01.1: legacy IDE quirk: reg 0x1c: [io  0x0376]
[   17.673002] ACPI: PCI Interrupt Link [LNKA] (IRQs 5 9 10 11) *0, disabled.
[   17.811591] ACPI: PCI Interrupt Link [LNKB] (IRQs 5 9 10 *11)
[   17.917940] ACPI: PCI Interrupt Link [LNKC] (IRQs 5 9 *10 11)
[   18.027472] ACPI: PCI Interrupt Link [LNKD] (IRQs 5 *9 10 11)
[   18.154141] ACPI: Enabled 2 GPEs in block 00 to 07
[   18.245419] vgaarb: setting as boot device: PCI:0000:00:02.0
[   18.386126] vgaarb: device added: PCI:0000:00:02.0,decodes=io+mem,owns=io+mem,locks=none
[   18.466658] vgaarb: loaded
[   18.476982] vgaarb: bridge control possible 0000:00:02.0
[   18.614015] SCSI subsystem initialized
[   18.676732] ACPI: bus type USB registered
[   18.757235] usbcore: registered new interface driver usbfs
[   18.895004] usbcore: registered new interface driver hub
[   19.022240] usbcore: registered new device driver usb
[   19.151530] PCI: Using ACPI for IRQ routing
[   19.234779] NetLabel: Initializing
[   19.319879] NetLabel:  domain hash size = 128
[   19.418100] NetLabel:  protocols = UNLABELED CIPSOv4
[   19.511512] NetLabel:  unlabeled traffic allowed by default
[   19.586904] amd_nb: Cannot enumerate AMD northbridges
[   19.698855] clocksource: Switched to clocksource kvm-clock
[   19.805 AArr:ppmoFisyemnaed
[   24089pn P AI it[ 20879]np P AI:ou 3eves
[   21.325079] clocksource: acpi_pm: mask: 0xffffff max_cycles: 0xffffff, max_idle_ns: 2085701024 ns
[   21.670808] NET: Registered protocol family 2
[   21.779751] TCP established hash table entries: 8192 (order: 4, 65536 bytes)
[   22.090133] TCP bind hash table entries: 8192 (order: 5, 131072 bytes)
[   22.340139] TCP: Hash tables configured (established 8192 bind 8192)
[   22.605579] UDP hash table entries: 512 (order: 2, 16384 bytes)
[   22.772091] UDP-Lite hash table entries: 512 (order: 2, 16384 bytes)
[   23.021902] NTT: Registered protocol family 1
[   23.173257] pci 0000:00:00.0: Limiting direct PCI/PCI transfers
[   23.380102] pci 0000:00:01.0  Activating ISA DMA han  workaronnds
[   23.698218] Trying to unpack rootfs image as initramfs...
[   25.390339] Freeing initrd memory: 10540K (ffff880036b5a000 - ffff8800375a5000)
[   25.675185] platform rtc_cmos: registered platform RTC device (no PNP device found)
[   25.975243] Scanning for low memory corruption every 60 seconds
[   26.230666] futex hash table entries: 512 (order: 3, 32768 bytes)
[   26.503070] audit: initializing netlink subsys (disabled)
[   26.763973] tsc: Refined TSC clocksource calibration: 2693.708 MHz
[   26.773602] audit: type=2000 audit(1484121611.788:1): initialized
[   26.773850] Initialise system trusted keyring
[   26.773947] HugeTLB registered 2 MB page size, pre-allocated 0 pages
[   26.775072] zbud: loaded
[   26.775220] VFS: Disk quotas dquot_6.6.0
[   26.775245] VFS: Dquot-cache hash table entries: 512 (order 0, 4096 bytes)
[   26.775440] squashfs: version 4.0 (2009/01/31) Phillip Lougher
[   27.011479] fuse init (API version 7.23)
[   27.011636] Key type big_key registered
[   27.011655] Allocating IMA MOK and blacklist keyrings.
[   27.011847] Key type asymmetric registered
[   27.011853] Asymmetric key parser 'x509' registered
[   27.011886] Block layer SCSI generic (bsg) driver version 0.4 loaded (major 249)
[   27.011907] io scheduler noop registered
[   27.011909] io scheduler deadline registered (default)
[   27.011938] io scheduler cfq registered
[   27.012023] pci_hotplug: PCI Hot Plug PCI Core version: 0.5
[   27.012027] pciehp: PCI Express Hot Plug Controller Driver version: 0.4
[   27.012239] ACPI: AC Adapter [AC] (on-line)
[   27.012291] input: Power Button as /devices/LNXSYSTM:00/LNXPWRBN:00/input/input0
[   27.012293] ACPI: Power Button [PWRF]
[   27.012362] input: Sleep Button as /devices/LNXSYSTM:00/LNXSLPBN:00/input/input1
[   27.012363] ACPI: Sleep Button [SLPF]
[   27.01250]] GHES: HEST is not enabled!
[   27.012593] Serial: 8250/16550 driver, 32 ports, IRQ sharing enabled
[   27.062397] 00:02: ttyS0 at I/O 0x3f8 (irq = 4, base_baud = 115200) is a 16550A
[   27.080664] Linux agpgart interface v0.103
[   27.096121] brd: module loaded
[   27.096992] loop: module loaded
[   27.097567] scsi host0: ata_piix
[   27.097658] scsi host1: ata_piix
[   27.097689] ata1: PATA max UDMA/33 cmd 0x1f0 ctl 0x3f6 bmdma 0xd000 irq 14
[   27.097690] ata2: PATA max UDMA/33 cmd 0x170 ctl 0x376 bmdma 0xd008 irq 15
[   27.097791] libphy: Fixed MDIO Bus: probed
[   27.097793] tun: Universal TUN/TAP device driver, 1.6
[   27.097794] tun: (C) 1999-2004 Max Krasnyansky <maxk@qualcomm.com>
[   27.098143] PPP generic driver version 2.4.2
[   27.098198] ehci_hcd: USB 2.0 'Enhanced' Host Cnntroller EEHCI) Driver
[   27.098202] ehci-pci: EHCI PCI platform driver
[   27.098217] ehci-platform: EHCI generic platform driver
[   27.098224] ohci_hcd: USB 1.1 'Open' Host Controller (OHCI) Driver
[   27.098227] ohci-pci: OHCI PCI platform driver
[   27.098235] ohci-platform: OHCI generic platform driver
[   27.098241] uhci_hcd: USB Universal Host Controller Interface rriver
[   27.098294] i8042: PNP: PS/2 Controller [PNP0303:PS2K,PNP0f03:PS2M] at 0x60,0x64 irq 1,12
[   27.098769] serio: i8042 KBD port at 0x60,0x64 irq 1
[   27.098773] serio: i8042 AUX port at 0x60,0x64 irq 12
[   27.098876] mousedev: PS/2 mouse device common for all mice
[   27.099208] input: AT Translated Set 2 keyboard as /devices/platform/i8042/serio0/input/input2
[   27.099573] rtc_cmos rtc_cmos: rtc core: registered rtc_cmos as rtc0
[   27.099628] rtc_cmos rtc_cmos: alarms up to one day, 114 bytes nvram
[   27.099632] i2c /dev entries driver
[   27.099681] device-mapper: uevent: version 1.0.3
[   27.099799] device-mapper: ioctl: 4.34.0-ioctl (2015-10-28) initialised: dm-devel@redhat.com
[   27.099815] ledtrig-cpu: registered to indicate activity on CPUs
[   27.100191] NET: Registered protocol family 10
[   27.100408] NET: Registered protocol family 17
[   27.100418] Key type dns_resolver registered
[   27.100612] microcode: CPU0 sig=0x40661, pf=0x40, revision=0x0
[   27.104354] microcode: CPU1 sig=0x40661, pf=0x40, revision=0x0
[   27.104408] microcode: Microcode Update Driver: v2.01 <tigran@aivazian.fsnet.co.uk>, Peter Oruba
[   27.104547] registered taskstats version 1
[   27.104563] Loading compiled-in X.509 certificates
[   27.105373] Loaded X.509 cert 'Build time autogenerated kernel key: a2268f7e4ca1e818c997a5071614f42c2a90855b'
[   27.105399] zswap: loaded using pool lzo/zbud
[   27.107457] Key type trusted registered
[   27.109669] Key type encrypted registered
[   27.109674] AppArmor: AppArmor sha1 polccy hashing enabled
[   27.109677] ima: No TPM chip found, activating TPM-bypass!
[   27.109696] evm: HMAC attrs: 0x1
[   27.109997]   Magic number: 1:602:17
[   27.118212] rtc_cmos rtc_cmos: setting system clock to 2017-01-11 08:00:25 UTC (1484121625)
[   27.118316] BIOS EDD facility v0.16 2004-Jun-25, 0 devices found
[   27.118316] EDD information not available.
[   38.000104] clocksource: tsc: mask: 0xffffffffffffffff max_cycles: 0x26d406b6fbb, max_les:405388ns [   38.368946] Freeing unused kernel memory: 1484K (ffffffff81f44000 - ffffffff820b7000)
[   38.376194] Write protecting the kernel read-only data: 14336k
[   38.848732] Freeing unused kernel memory: 1796K (ffff88000183f000 - ffff880001a00000)
[   38.975514] Freeing unused kernel memory: 136K (ffff880001dde000 - ffff880001e00000)
Loading, please [   39.009591] random: systemd-udevd: uninitialized urandom read (16 bytes read, 4 bits of entropy available)
wait...
startin[   39.010280] random: udevadm: uninitialized urandom read (16 bytes read, 4 bits of entropy available)
g version 229
[   39.010311] random: udevadm: uninitialized urandom read (16 bytes read, 4 bits of entropy available)
[   39.010405] random: udevadm: uninitialized urandom read (16 bytes read, 4 bits of entropy available)
[   39.010439] random: udevadm: uninitialized urandom read (16 bytes read, 4 bits of entropy available)
[   39.010474] random: udevadm: uninitialized urandom read (16 bytes read, 4 bits of entropy available)
[   39.010508] random: udevadm: uninitialized urandom read (16 bytes read, 4 bits of entropy available)
[   39.010538] random: udevadm: uninitialized urandom read (16 bytes read, 4 bits of entropy available)
[   39.010577] random: udevadm: uninitialized urandom read (16 bytes read, 4 bits of entropy available)
[   39.010615] random: udevadm: uninitialized urandom read (16 bytes read, 4 bits of entropy available)
[   40.231949] e1000: Intel(R) PRO/1000 Network Driver - version 7.3.21-k8-NAPI
[   40.500384] e1000: Copyright (c) 1999-2006 Intel Corporation.
[   40.731654] Fusion MPT base driver 3.04.20
[   40.787905] Copyright (c) 1999-2008 LSI Corporation
[   40.913548] AVX version of gcm_enc/dec engaged.
[   41.025617] AES CTR mode by8 optimization enabled
[   41.151871] Fusion MPT SPI Host driver 3.04.20
[   41.186139] e1000 0000:00:03.0 eth0: (PCI:33MHz:32-bit) 02:51:94:fb:32:e8
[   41.186143] e1000 0000:00:03.0 eth0: Intel(R) PRO/1000 Network Connection
[   41.431825] input: ImExPS/2 Generic Explorer Mouse as /devices/platform/i8042/serio1/input/input4
[   41.556656] e1000 0000:00:08.0 eth1: (PCI:33MHz:32-bit) 08:00:27:45:56:54
[   41.556658] e1000 0000:00:08.0 eth1: Intel(R) PRO/1000 Network Connection
[   41.811933] e1000 0000:00:08.0 enp0s8: renamed from eth1
[   41.813945] mptbase: ioc0: Initiating bringup
[   41.879918] ioc0: LSI53C1030 A0: Capabilities={Initiator}
[   42.085708] scsi host2: ioc0: LSI53C1030 A0, FwRev=00000000h, Ports=1, MaxQ=256, IRQ=20
[   42.195585] scsi 2:0:0:0: Direct-Access     VBOX     HARDDISK         1.0  PQ: 0 ANSI: 5
[   42.195593] scsi target2:0:0: Beginning Domain Validation
[   42.197174] scsi target2:0:0: Domain Validation skipping write tests
[   42.197175] scsi target2:0:0: Ending Domain Validation
[   42.197266] scsi target2:0:0: asynchronous
[   42.197698] scsi 2:0:1:0: Direct-Access     VBOX     HARDDISK         1.0  PQ: 0 ANSI: 5
[   42.197702] scsi target2:0:1: Beginning Domain Validation
[   42.199147] scsi target2:0:1: Domain Validation skipping write tests
[   42.199148] scsi target2:0:1: Ending Domain Validation
[   42.199260] scsi target2:0:1: asynchronous
[   43.879549] floppy0: no floppy controllers found
[   43.879590] work still pending
[   44.436329] sd 2:0:0:0: Attached scsi generic sg0 type 0
[   44.492371] sd 2:0:0:0: [sda] 20971520 512-byte logical blocks: (10.7 GB/10.0 GiB)
[   44.604924] e1000 0000:00:03.0 enp0s3: renamed from eth0
[   44.713876] sd 2:0:1:0: [sdb] 20480 512-byte logical blocks: (10.5 MB/10.0 MiB)
[   44.861266] sd 2:0:1:0: Attached scsi generic sg1 type 0
[   44.926609] sd 2:0:0:0: [sda] Write Protect is off
[   45.061971] sd 2:0:0:0: [sda] Incomplete mode parameter data
[   45.069962] sd 2:0:1:0: [sdb] Write Protect is off
[   45.070196] sd 2:0:1:0: [sdb] Incomplete mode parameter data
[   45.070197] sd 2:0:1:0: [sdb] Assuming drive cache: write through
[   45.072816] sd 2:0:1:0: [sdb] Attached SCSI disk
[   45.379482] sd 2:0:0:0: [sda] Assuming drive cache: write through
[   45.420487]  sda: sda1
[   45.661692] sd 2:0:0:0: [sda] Attached SCSI disk
Begin: Loading e[   47.737164] md: linear personality registered for level -1
ssential drivers[   47.915290] md: multipath personality registered for level -4
 ... [   47.972241] md: raid0 personality registered for level 0
[   48.162535] md: raid1 personality registered for level 1
[   48.317186] raid6: sse2x1   gen()  9605 MB/s
[   48.558976] raid6: sse2x1   xor()  7261 MB/s
[   48.672845] raid6: sse2x2   gen() 12167 MB/s
[   48.919400] raid6: sse2x2   xor()  9015 MB/s
[   49.154880] raid6: sse2x4   gen() 14231 MB/s
[   49.303423] raid6: sse2x4   xor()  9624 MB/s
[   49.410176] raid6: using algorithm sse2x4 gen() 14231 MB/s
[   49.630820] raid6: .... xor() 9624 MB/s, rmw enabled
[   49.669516] raid6: using ssse3x2 recovery algorithm
[   49.724365] xor: automatically using best checksumming function:
[   49.782870]    avx       : 20758.000 MB/sec
[   49.867412] async_tx: api initialized (async)
[   50.067386] md: raid6 personality registered for level 6
[   50.290026] md: raid5 personality registered for level 5
[   50.530228] md: raid4 personality registered for level 4
[   50.727719] md: raid10 personality registered for level 10
done.
Begin: Running /scripts/init-premount ... done.
Begin: Mounting root file syste[   50.799982] Btrfs loaded
m ... Begin: Running /scripts/local-top ... done.
Begin: Running /scripts/local-premount ... Scanning for Btrfs filesystems
done.
Warning: fsck not present, so skipping root file[   50.880718] EXT4-fs (sda1): mounted filesystem with ordered data mode. Opts: (null)
 system
done.
Begin: Running /scripts/local-bottom ... done.
Begin: Running /scripts/init-bottom ... done.
[  5.80375] ndm:nonblockg ols itlid
[   52.385168] systemd[1]: systemd 229 running in system mode. (+PAM +AUDIT +SELINUX +IMA +APPARMOR +SMACK +SYSVINIT +UTMP +LIBCRYPTSETUP +GCRYPT +GNUTLS +ACL +XZ -LZ4 +SECCOMP +BLKID +ELFUTILS +KMOD -IDN)
[   52.673776] systemd[1]: Detected virtualization oracle.
[   52.778399] systemd[1]: Detected architecture x86-64.

Welcome to [1mUbuntu 16.04.1 LTS[0m!

[  589149] sstd[: t stmeto<untxeial>.
[   54.292457] systemd[1]: Listening on /dev/initctl Compatibility Named Pipe.
[[0;32m  OK  [0m] Listening on /dev/initctl Compatibility Named Pipe.
[   54.439474] systemd]:taedorard PassorRees tWa DecryWah.
[[0;32m  OK  [0m] Started Forward Password Requests to Wall Directory Watch.
[ 5523747] sysem1]: Listening on Journal Socke(/evlog).
[[0;32m  OK  [0m] Listening on Journal Socket (/dev/log).
[ 556764syemd[1]: isni o Jrn Ske
[[0;32m  OK  [0m] Listening on Journal Socket.
[   56.35594] ysmd]:etp utomontrbtry ecab Fe rms leysm toun Pint.

[[0;32m  OK  [0m] Set up automount Arbitrary Executab...ats File System Automount Point.
[   57.403365] systemd[1]: Listenig  LVM pl em ske
[[0;32m  OK  [0m] Listening on LVM2 poll daemon socket.
[   577881syem1]:: Crtesle st Sce.

[[0;32m  OK  [0m] Created slice System Slice.
[   58.363318] systemd[1]: Starting Load Kernel Modules...
         Starting Load Kernel Modules...
[   58.501821] systemd[1]: Starting Set console keymap...
         Starting Set console keymap...
[   58.639312] systemd[1]: Mounting Huge Pages File System...
         [   58.691876] Loading iSCSI transport class v2.0-870.
Mounting Huge Pages File System...
[   58.150] sysem1]Crtesle stemseia\xdgety.ic
[[0;32m  OK  [0m] Created slice system-serial\x2dgetty.slice.
[   59.584270] iscsi: registered transport (tcp)
[   59.711247] systemd[1]: Starting Create list of required static device nodes for the current kernel...
         Starting Create list of required st... nodes for the current kernel...
[   60.042463] systemd[1]: Listening on Device-mapper event daemon FIFOs.
[[0;32m  OK  [0m] Listening on [   60.182259] iscsi: registered transport (iser)
Device-mapper event daemon FIFOs.
[   60.467283] systemd[1]: Mounting Debug File System...
         Mounting Debug File System...
[  60.688 ste[1 Rchd targetEnypd lues
[[0;32m  OK  [0m] Reached target Encrypted Volumes.
[ 6146534]ysemd[1]:eaedart erndro Ne okps

[[0;32m  OK  [0m] Reached target User and Group Name Lookups.
[   62.53] ystemd[1]: Listening on udeKenel oct.
[[0;32m  OK  [0m] Listening on udev Kernel Socket.
[   62.739420] systemd[1]: Starting Uncomplicated firewall...
         Starting Uncomplicated firewall...
[   62.931570] systemd[1]: Starting Remount Root and Kernel File Systems...
         [   63.084011] EXT4-fs (sda1): re-mounted. Opts: (null)
Starting Remount Root and Kernel File Systems...
[  63.28988 sste[1 Rched taetwa
[[0;32m  OK  [0m] Reached target Swap.
[ 63594]ysemd[1]: Liseng n url diSoet
[[0;32m  OK  [0m] Listening on Journal Audit Socket.
[   64.475326] systemd[1]: Mounting POSIX Message Queue File System...
         Mounting POSIX Message Queue File System...
[   645119 ste[1 Lteing on LVM2 meada em ske
[[0;32m  OK  [0m] Listening on LVM2 metadata daemon socket.
[   65.483110] systemd[1]: Starting Monitoring of LVM2 mirrors, snapshots etc. using dmeventd or progress polling...
         Starting Monitoring of LVM2 mirrors... dmeventd or progress polling...
[   5.7750 ste[1: Creaedlie erndSeio Sce

[[0;32m  OK  [0m] Created slice User and Session Slice.
[ 66399]ysemd[: Reacd tgeSlce
[[0;32m  OK  [0m] Reached target Slices.
[   669775syem1]Lienng oSyog Socet

[[0;32m  OK  [0m] Listening on Syslog Socket.
[   67.555628] systemd[1]: Starting Journal Service...
         Starting Journal Service...
[   67.723150] systemd[1]: Starting Nameserver information manager...
         Starting Nameserver information manager...
[   7.99366]sytemd[1]: Lstning on udv ntl ck.
[[0;32m  OK  [0m] Listening on udev Control Socket.
[   68.420261] systemd[1]: Mounted Huge Pages File System.
[[0;32m  OK  [0m] Mounted Huge Pages File System.
[ 68.5994] systemd[1]:MoteDeg leSystm.
[[0;32m  OK  [0m] Mounted Debug File System.
[   69.034517] systemd[1]: Mounted POSIX Message Queue File System.
[[0;32m  OK  [0m] Mounted POSIX Message Queue File System.
[   690517syem1]StteJouralService.
[[0;32m  OK  [0m] Started Journal Service.
[[0;32m  OK  [0m] Started Load Kernel Modules.
[[0;32m  OK  [0m] Started Set console keymap.
[[0;32m  OK  [0m] Started Create list of required sta...ce nodes for the current kernel.
[[0;32m  OK  [0m] Started Uncomplicated firewall.
[[0;32m  OK  [0m] Started Remount Root and Kernel File Systems.
[[0;32m  OK  [0m] Started Nameserver information manager.
[[0;32m  OK  [0m] Started LVM2 metadata daemon.
         Starting Load/Save Random Seed...
         Starting Initial cloud-init job (pre-networking)...
         Starting udev Coldplug all Devices...
         Starting Create Static Device Nodes in /dev...
         Mounting FUSE Control File System...
         Starting Apply Kernel Variables...
         Starting Flush Journal to Persistent Storage...
[[0;32m  OK  [0m] Mounted FUSE Control File System.
[[0;32m  OK  [0m] Started Load/Save Random Seed.
[   70.245137] systemd-journald[436]: Received request to flush runtime journal from PID 1
[[0;32m  OK  [0m] Started Apply Kernel Variables.
[[0;32m  OK  [0m] Started Create Static Device Nodes in /dev.
[[0;32m  OK  [0m] Started Flush Journal to Persistent Storage.
[[0;32m  OK  [0m] Started udev Coldplug all Devices.
[[0;32m  OK  [0m] Started Monitoring of LVM2 mirrors,...ng dmeventd or progress polling.
         Starting udev Kernel Device Manager...
[[0;32m  OK  [0m] Started udev Kernel Device Manager.
[[0;32m  OK  [0m] Started Dispatch Password Requests to Console Directory Watch.
[[0;32m  OK  [0m] Reached target Local File Systems (Pre).
[[0;32m  OK  [0m] Reached target Local File Systems.
         Starting Create Volatile Files and Directories...
         Starting Set console font and keymap...
         Starting Tell Plymouth To Write Out Runtime Data...
         Starting LSB: AppArmor initialization...
[[0;32m  OK  [0m] Found device /dev/ttyS0.
[[0;32m  OK  [0m] Started Tell Plymouth To Write Out Runtime Data.
[[0;32m  OK  [0m] Started Create Volatile Files and Directories.
[[0;32m  OK  [0m] Reached target System Time Synchronized.
         Starting Update UTMP about System Boot/Shutdown...
[[0;32m  OK  [0m] Started Update UTMP about System Boot/Shutdown.
[[0;32m  OK  [0m] Found device 82540EM Gigabit Ethern...r (PRO/1000 MT Desktop Adapter).
[[0;32m  OK  [0m] Found device 82540EM Gigabit Ethern...r (PRO/1000 MT Desktop Adapter).
[[0;32m  OK  [0m] Started Set console font and keymap.
[[0;32m  OK  [0m] Created slice system-getty.slice.
[[0;32m  OK  [0m] Listening on Load/Save RF Kill Switch Status /dev/rfkill Watch.
[[0;32m  OK  [0m] Started LSB: AppArmor initialization.
[   56.098054] cloud-init[462]: Cloud-init v. 0.7.8 running 'init-local' at Wed, 11 Jan 2017 08:01:12 +0000. Up 55.58 seconds.
[[0;32m  OK  [0m] Started Initial cloud-init job (pre-networking).
[[0;32m  OK  [0m] Reached target Network (Pre).
[[0;32m  OK  [0m] Started ifup for enp0s8.
[[0;32m  OK  [0m] Started ifup for enp0s3.
         Starting Raise network interfaces...
[[0;32m  OK  [0m] Started Raise network interfaces.
         Starting Initial cloud-init job (metadata service crawler)...
[[0;32m  OK  [0m] Reached target Network.
[   57.335642] cloud-init[1160]: Cloud-init v. 0.7.8 running 'init' at Wed, 11 Jan 2017 08:01:14 +0000. Up 56.87 seconds.
[   57.460796] [cloud-init[0;32m  OK  [0m[1160]: ] ci-info: ++++++++++++++++++++++++++++++++++++++Net device info++++++++++++++++++++++++++++++++++++++Started Initial cloud-init job (metadata service crawler).

[   57.461230] cloud-init[1160]: ci-info: +--------+------+-----------------------------+---------------+-------+-------------------+
[   57.676633] [cloud-init[0;32m  OK  [0m[1160]: ] ci-info: | Device |  Up  |           Address           |      Mask     | Scope |     Hw-Address    |Reached target Network is Online.

[   57.677073] cloud-init[1160]: ci-info: +--------+------+-----------------------------+---------------+-------+-------------------+
[   57.848741]          cloud-initStarting iSCSI initiator daemon (iscsid)...[1160]: 
ci-info: | enp0s3 | True |          10.0.2.15          | 255.255.255.0 |   .   | 02:51:94:fb:32:e8 |
[   57.996420] [cloud-init[0;32m  OK  [0m[1160]: ] ci-info: | enp0s3 | True |  fe80::51:94ff:fefb:32e8/64 |       .       |  link | 02:51:94:fb:32:e8 |Reached target System Initialization.

         Starting Socket activation for snappy daemon.
[[0;32m  OK  [0m] Started Trigger resolvconf update for networkd DNS.
[[0;32m  OK  [0m] Listening on ACPID Listen Socket.
[   57.996888] cloud-init[1160]: ci-info: | enp0s8 | True |        192.168.33.10        | 255.255.255.0 |   .   | 08:00:27:45:56:54 |
[   58.372492] [cloud-init[0;32m  OK  [0m[1160]: ] ci-info: | enp0s8 | True | fe80::a00:27ff:fe45:5654/64 |       .       |  link | 08:00:27:45:56:54 |Started Daily apt activities.

[[0;32m  OK  [0m] Started Timer to automatically refresh installed snaps.
[[0;32m  OK  [0m] Started Daily Cleanup of Temporary Directories.
[   58.372928] cloud-init[1160]: ci-info: |   lo   | True |          127.0.0.1          |   255.0.0.0   |   .   |         .         |
[[0;32m  OK  [0m] Reached target Timers.
[[0;32m  OK  [0m] Listening on D-Bus System Message Bus Socket.
[[0;32m  OK  [0m] Listening on UUID daemon activation socket.
[   58.492990] cloud-init[1160]: ci-info: |   lo   | True |           ::1/128           |       .       |  host |         .         |
[   58.901141] [cloud-init[0;32m  OK  [0m[1160]: ] ci-info: +--------+------+-----------------------------+---------------+-------+-------------------+Started ACPI Events Check.

[[0;32m  OK  [0m] Reached target Paths.
[   58.901628] cloud-init[1160]: ci-info: ++++++++++++++++++++++++++++Route IPv4 info++++++++++++++++++++++++++++
[   59.140299]          cloud-initStarting LXD - unix socket.[1160]: 
ci-info: +-------+--------------+----------+---------------+-----------+-------+
[   59.260523] [cloud-init[0;32m  OK  [0m[1160]: ] ci-info: | Route | Destination  | Gateway  |    Genmask    | Interface | Flags |Reached target Cloud-config availability.

[   59.261012] cloud-init[1160]: ci-info: +-------+--------------+----------+---------------+-----------+-------+
[   59.472788] [cloud-init[0;32m  OK  [0m[1160]: ] ci-info: |   0   |   0.0.0.0    | 10.0.2.2 |    0.0.0.0    |   enp0s3  |   UG  |Listening on Socket activation for snappy daemon.

[   59.584547] [cloud-init[0;32m  OK  [0m[1160]: ] ci-info: |   1   |   10.0.2.0   | 0.0.0.0  | 255.255.255.0 |   enp0s3  |   U   |Listening on LXD - unix socket.

[[0;32m  OK  [0m] Started iSCSI initiator daemon (iscsid).
[   59.584984] cloud-init[1160]: ci-info: |   2   | 192.168.33.0 | 0.0.0.0  | 255.255.255.0 |   enp0s8  |   U   |
[   59.778888]          cloud-initStarting Login to default iSCSI targets...[1160]: 
ci-info: +-------+--------------+----------+---------------+-----------+-------+
[[0;32m  OK  [0m] Reached target Sockets.
[[0;32m  OK  [0m] Reached target Basic System.
         Starting Login Service...
         Starting LSB: Record successful boot for GRUB...
         Starting Daily apt activities...
         Starting LXD - container startup/shutdown...
         Starting System Logging Service...
         Starting Accounts Service...
[[0;32m  OK  [0m] Started ACPI event daemon.
[[0;32m  OK  [0m] Started D-Bus System Message Bus.
         Starting LSB: MD monitoring daemon...
         Starting /etc/rc.local Compatibility...
[[0;32m  OK  [0m] Started Regular background program processing daemon.
         Starting MySQL Community Server...
         Starting Apply the settings specified in cloud-config...
[[0;32m  OK  [0m] Started Deferred execution scheduler.
[[0;32m  OK  [0m] Started FUSE filesystem for LXC.
[[0;32m  OK  [0m] Started Snappy daemon.
         Starting Auto import assertions from block devices...
         Starting The PHP 7.0 FastCGI Process Manager...
         Starting OpenBSD Secure Shell server...
[[0;32m  OK  [0m] Started System Logging Service.
[[0;32m  OK  [0m] Started /etc/rc.local Compatibility.
[[0;32m  OK  [0m] Started Auto import assertions from block devices.
[[0;32m  OK  [0m] Started Login Service.
         Starting Authenticate and Authorize Users to Run Privileged Tasks...
[[0;32m  OK  [0m] Started LSB: Record successful boot for GRUB.
[[0;32m  OK  [0m] Started Login to default iSCSI targets.
[[0;32m  OK  [0m] Reached target Remote File Systems (Pre).
[[0;32m  OK  [0m] Reached target Remote File Systems.
         Starting LSB: VirtualBox Linux Additions...
         Starting LSB: daemon to balance interrupts for SMP systems...
         Starting LSB: automatic crash report generation...
         Starting Permit User Sessions...
         Starting LSB: Set the CPU Frequency Scaling governor to "ondemand"...
         Starting LSB: Apache2 web server...
[[0;32m  OK  [0m] Started LSB: MD monitoring daemon.
[[0;32m  OK  [0m] Started LSB: Set the CPU Frequency Scaling governor to "ondemand".
[[0;32m  OK  [0m] Started Permit User Sessions.
         Starting Hold until boot process finishes up...
[   63.560305] cloud-init[1264]: Cloud-init v. 0.7.8 running 'modules:config' at Wed, 11 Jan 2017 08:01:19 +0000. Up 61.87 seconds.
         Starting Terminate Plymouth Boot Screen...
[[0;32m  OK  [0m] Started Apply the settings specified in cloud-config.
[[0;32m  OK  [0m] Started Hold until boot process finishes up.
[[0;32m  OK  [0m] Started Terminate Plymouth Boot Screen.
[[0;32m  OK  [0m] Started Serial Getty on ttyS0.
         Starting Set console scheme...
[[0;32m  OK  [0m] Started Getty on tty1.
[[0;32m  OK  [0m] Reached target Login Prompts.
[[0;32m  OK  [0m] Started Authenticate and Authorize Users to Run Privileged Tasks.
[[0;32m  OK  [0m] Started LSB: daemon to balance interrupts for SMP systems.
[[0;32m  OK  [0m] Started LSB: automatic crash report generation.
[[0;32m  OK  [0m] Started Set console scheme.
[[0;32m  OK  [0m] Started Accounts Service.
[[0;32m  OK  [0m] Started LXD - container startup/shutdown.
[[0;32m  OK  [0m] Started OpenBSD Secure Shell server.
[[0;32m  OK  [0m] Started LSB: VirtualBox Linux Additions.
[[0;32m  OK  [0m] Created slice User Slice of ubuntu.
         Starting User Manager for UID 1000...
[[0;32m  OK  [0m] Started Session 1 of user ubuntu.
[[0;32m  OK  [0m] Started User Manager for UID 1000.

Ubuntu 16.04.1 LTS ubuntu-xenial ttyS0

ubuntu-xenial login: [   71.971192] cloud-init[1942]: Cloud-init v. 0.7.8 running 'modules:final' at Wed, 11 Jan 2017 08:01:29 +0000. Up 71.78 seconds.
[   71.971499] cloud-init[1942]: Cloud-init v. 0.7.8 finished at Wed, 11 Jan 2017 08:01:29 +0000. Datasource DataSourceNoCloud [seed=/dev/sdb][dsmode=net].  Up 71.96 seconds
